<?xml version="1.0" encoding="UTF-8"?>
<!-- Generated by org.testng.reporters.JUnitReportReporter -->
<testsuite hostname="Ankita" failures="0" tests="1" name="tests.FinanceFlows" time="15.483" errors="0" timestamp="2023-11-16T18:02:13 IST" skipped="0">
  <testcase classname="tests.FinanceFlows" name="CreditCardFlow" time="15.483"/>
  <system-out/>
</testsuite> <!-- tests.FinanceFlows -->
