<?xml version="1.0" encoding="UTF-8"?>
<!-- Generated by org.testng.reporters.JUnitReportReporter -->
<testsuite hostname="Ankita" failures="0" tests="1" name="tests.PrepaidRecharge" time="19.733" errors="0" timestamp="2023-11-16T17:56:27 IST" skipped="0">
  <testcase classname="tests.PrepaidRecharge" name="WorldCupPlanRecharge" time="19.733"/>
  <system-out/>
</testsuite> <!-- tests.PrepaidRecharge -->
